<testsuites id="" name="" tests="2" failures="2" skipped="0" errors="0" time="44.207741999999996">
<testsuite name="playwright/tests/auth/login.spec.js" timestamp="2025-06-15T15:49:16.851Z" hostname="chromium" tests="2" failures="2" skipped="0" time="39.734" errors="0">
<testcase name="Authentication Tests › should load login page successfully @smoke @fast @critical" classname="playwright/tests/auth/login.spec.js" time="4.562">
<failure message="login.spec.js:26:3 should load login page successfully @smoke @fast @critical" type="FAILURE">
<![CDATA[  [chromium] › playwright/tests/auth/login.spec.js:26:3 › Authentication Tests › should load login page successfully @smoke @fast @critical 

    Error: expect(received).toBe(expected) // Object.is equality

    Expected: true
    Received: false

      28 |       await loginPage.goto();
      29 |       
    > 30 |       expect(await loginPage.isOnLoginPage()).toBe(true);
         |                                               ^
      31 |       expect(await loginPage.isPageLoaded()).toBe(true);
      32 |       
      33 |       // Verify login form elements are present
        at /tests/playwright/tests/auth/login.spec.js:30:47

    attachment #1: screenshot (image/png) ──────────────────────────────────────────────────────────
    ../test-results/dev_20250615_184903/artifacts/playwright-tests-auth-logi-30f81-ssfully-smoke-fast-critical-chromium/test-failed-1.png
    ────────────────────────────────────────────────────────────────────────────────────────────────

    attachment #2: video (video/webm) ──────────────────────────────────────────────────────────────
    ../test-results/dev_20250615_184903/artifacts/playwright-tests-auth-logi-30f81-ssfully-smoke-fast-critical-chromium/video.webm
    ────────────────────────────────────────────────────────────────────────────────────────────────

    Error Context: ../test-results/dev_20250615_184903/artifacts/playwright-tests-auth-logi-30f81-ssfully-smoke-fast-critical-chromium/error-context.md

    Retry #1 ───────────────────────────────────────────────────────────────────────────────────────

    Error: expect(received).toBe(expected) // Object.is equality

    Expected: true
    Received: false

      28 |       await loginPage.goto();
      29 |       
    > 30 |       expect(await loginPage.isOnLoginPage()).toBe(true);
         |                                               ^
      31 |       expect(await loginPage.isPageLoaded()).toBe(true);
      32 |       
      33 |       // Verify login form elements are present
        at /tests/playwright/tests/auth/login.spec.js:30:47

    attachment #1: screenshot (image/png) ──────────────────────────────────────────────────────────
    ../test-results/dev_20250615_184903/artifacts/playwright-tests-auth-logi-30f81-ssfully-smoke-fast-critical-chromium-retry1/test-failed-1.png
    ────────────────────────────────────────────────────────────────────────────────────────────────

    attachment #2: video (video/webm) ──────────────────────────────────────────────────────────────
    ../test-results/dev_20250615_184903/artifacts/playwright-tests-auth-logi-30f81-ssfully-smoke-fast-critical-chromium-retry1/video.webm
    ────────────────────────────────────────────────────────────────────────────────────────────────

    Error Context: ../test-results/dev_20250615_184903/artifacts/playwright-tests-auth-logi-30f81-ssfully-smoke-fast-critical-chromium-retry1/error-context.md

    attachment #4: trace (application/zip) ─────────────────────────────────────────────────────────
    ../test-results/dev_20250615_184903/artifacts/playwright-tests-auth-logi-30f81-ssfully-smoke-fast-critical-chromium-retry1/trace.zip
    Usage:

        npx playwright show-trace ../test-results/dev_20250615_184903/artifacts/playwright-tests-auth-logi-30f81-ssfully-smoke-fast-critical-chromium-retry1/trace.zip

    ────────────────────────────────────────────────────────────────────────────────────────────────

    Retry #2 ───────────────────────────────────────────────────────────────────────────────────────

    Error: expect(received).toBe(expected) // Object.is equality

    Expected: true
    Received: false

      28 |       await loginPage.goto();
      29 |       
    > 30 |       expect(await loginPage.isOnLoginPage()).toBe(true);
         |                                               ^
      31 |       expect(await loginPage.isPageLoaded()).toBe(true);
      32 |       
      33 |       // Verify login form elements are present
        at /tests/playwright/tests/auth/login.spec.js:30:47

    attachment #1: screenshot (image/png) ──────────────────────────────────────────────────────────
    ../test-results/dev_20250615_184903/artifacts/playwright-tests-auth-logi-30f81-ssfully-smoke-fast-critical-chromium-retry2/test-failed-1.png
    ────────────────────────────────────────────────────────────────────────────────────────────────

    attachment #2: video (video/webm) ──────────────────────────────────────────────────────────────
    ../test-results/dev_20250615_184903/artifacts/playwright-tests-auth-logi-30f81-ssfully-smoke-fast-critical-chromium-retry2/video.webm
    ────────────────────────────────────────────────────────────────────────────────────────────────

    Error Context: ../test-results/dev_20250615_184903/artifacts/playwright-tests-auth-logi-30f81-ssfully-smoke-fast-critical-chromium-retry2/error-context.md
]]>
</failure>
<system-out>
<![CDATA[✅ [2025-06-15T15:49:17.383Z] Authentication data cleared
✅ [2025-06-15T15:49:17.384Z] Navigating to identity: https://identity.vfservices.viloforge.com
✅ [2025-06-15T15:49:18.846Z] Authentication data cleared

[[ATTACHMENT|artifacts/playwright-tests-auth-logi-30f81-ssfully-smoke-fast-critical-chromium/test-failed-1.png]]

[[ATTACHMENT|artifacts/playwright-tests-auth-logi-30f81-ssfully-smoke-fast-critical-chromium/video.webm]]

[[ATTACHMENT|artifacts/playwright-tests-auth-logi-30f81-ssfully-smoke-fast-critical-chromium/error-context.md]]
✅ [2025-06-15T15:49:19.483Z] Authentication data cleared
✅ [2025-06-15T15:49:19.484Z] Navigating to identity: https://identity.vfservices.viloforge.com
✅ [2025-06-15T15:49:20.818Z] Authentication data cleared

[[ATTACHMENT|artifacts/playwright-tests-auth-logi-30f81-ssfully-smoke-fast-critical-chromium-retry1/test-failed-1.png]]

[[ATTACHMENT|artifacts/playwright-tests-auth-logi-30f81-ssfully-smoke-fast-critical-chromium-retry1/video.webm]]

[[ATTACHMENT|artifacts/playwright-tests-auth-logi-30f81-ssfully-smoke-fast-critical-chromium-retry1/error-context.md]]

[[ATTACHMENT|artifacts/playwright-tests-auth-logi-30f81-ssfully-smoke-fast-critical-chromium-retry1/trace.zip]]
✅ [2025-06-15T15:49:21.414Z] Authentication data cleared
✅ [2025-06-15T15:49:21.415Z] Navigating to identity: https://identity.vfservices.viloforge.com
✅ [2025-06-15T15:49:22.898Z] Authentication data cleared

[[ATTACHMENT|artifacts/playwright-tests-auth-logi-30f81-ssfully-smoke-fast-critical-chromium-retry2/test-failed-1.png]]

[[ATTACHMENT|artifacts/playwright-tests-auth-logi-30f81-ssfully-smoke-fast-critical-chromium-retry2/video.webm]]

[[ATTACHMENT|artifacts/playwright-tests-auth-logi-30f81-ssfully-smoke-fast-critical-chromium-retry2/error-context.md]]
]]>
</system-out>
</testcase>
<testcase name="Authentication Tests › should login successfully with valid admin credentials @auth @critical @dev" classname="playwright/tests/auth/login.spec.js" time="35.172">
<failure message="login.spec.js:44:3 should login successfully with valid admin credentials @auth @critical @dev" type="FAILURE">
<![CDATA[  [chromium] › playwright/tests/auth/login.spec.js:44:3 › Authentication Tests › should login successfully with valid admin credentials @auth @critical @dev 

    TimeoutError: page.waitForSelector: Timeout 10000ms exceeded.
    Call log:
      - waiting for locator('#id_username, [name="username"], input[type="text"]') to be visible


       at playwright/utils/helpers.js:94

      92 |    */
      93 |   static async waitForStableElement(page, selector, timeout = 5000) {
    > 94 |     await page.waitForSelector(selector, { state: 'visible', timeout });
         |                ^
      95 |     await page.waitForTimeout(100); // Small delay for animations
      96 |   }
      97 |
        at Function.waitForStableElement (/tests/playwright/utils/helpers.js:94:16)
        at LoginPage.waitForElement (/tests/playwright/pages/base-page.js:85:23)
        at LoginPage.login (/tests/playwright/pages/login-page.js:63:16)
        at /tests/playwright/tests/auth/login.spec.js:48:7

    attachment #1: screenshot (image/png) ──────────────────────────────────────────────────────────
    ../test-results/dev_20250615_184903/artifacts/playwright-tests-auth-logi-8744c-edentials-auth-critical-dev-chromium/test-failed-1.png
    ────────────────────────────────────────────────────────────────────────────────────────────────

    attachment #2: video (video/webm) ──────────────────────────────────────────────────────────────
    ../test-results/dev_20250615_184903/artifacts/playwright-tests-auth-logi-8744c-edentials-auth-critical-dev-chromium/video.webm
    ────────────────────────────────────────────────────────────────────────────────────────────────

    Error Context: ../test-results/dev_20250615_184903/artifacts/playwright-tests-auth-logi-8744c-edentials-auth-critical-dev-chromium/error-context.md

    Retry #1 ───────────────────────────────────────────────────────────────────────────────────────

    TimeoutError: page.waitForSelector: Timeout 10000ms exceeded.
    Call log:
      - waiting for locator('#id_username, [name="username"], input[type="text"]') to be visible


       at playwright/utils/helpers.js:94

      92 |    */
      93 |   static async waitForStableElement(page, selector, timeout = 5000) {
    > 94 |     await page.waitForSelector(selector, { state: 'visible', timeout });
         |                ^
      95 |     await page.waitForTimeout(100); // Small delay for animations
      96 |   }
      97 |
        at Function.waitForStableElement (/tests/playwright/utils/helpers.js:94:16)
        at LoginPage.waitForElement (/tests/playwright/pages/base-page.js:85:23)
        at LoginPage.login (/tests/playwright/pages/login-page.js:63:16)
        at /tests/playwright/tests/auth/login.spec.js:48:7

    attachment #1: screenshot (image/png) ──────────────────────────────────────────────────────────
    ../test-results/dev_20250615_184903/artifacts/playwright-tests-auth-logi-8744c-edentials-auth-critical-dev-chromium-retry1/test-failed-1.png
    ────────────────────────────────────────────────────────────────────────────────────────────────

    attachment #2: video (video/webm) ──────────────────────────────────────────────────────────────
    ../test-results/dev_20250615_184903/artifacts/playwright-tests-auth-logi-8744c-edentials-auth-critical-dev-chromium-retry1/video.webm
    ────────────────────────────────────────────────────────────────────────────────────────────────

    Error Context: ../test-results/dev_20250615_184903/artifacts/playwright-tests-auth-logi-8744c-edentials-auth-critical-dev-chromium-retry1/error-context.md

    attachment #4: trace (application/zip) ─────────────────────────────────────────────────────────
    ../test-results/dev_20250615_184903/artifacts/playwright-tests-auth-logi-8744c-edentials-auth-critical-dev-chromium-retry1/trace.zip
    Usage:

        npx playwright show-trace ../test-results/dev_20250615_184903/artifacts/playwright-tests-auth-logi-8744c-edentials-auth-critical-dev-chromium-retry1/trace.zip

    ────────────────────────────────────────────────────────────────────────────────────────────────

    Retry #2 ───────────────────────────────────────────────────────────────────────────────────────

    TimeoutError: page.waitForSelector: Timeout 10000ms exceeded.
    Call log:
      - waiting for locator('#id_username, [name="username"], input[type="text"]') to be visible


       at playwright/utils/helpers.js:94

      92 |    */
      93 |   static async waitForStableElement(page, selector, timeout = 5000) {
    > 94 |     await page.waitForSelector(selector, { state: 'visible', timeout });
         |                ^
      95 |     await page.waitForTimeout(100); // Small delay for animations
      96 |   }
      97 |
        at Function.waitForStableElement (/tests/playwright/utils/helpers.js:94:16)
        at LoginPage.waitForElement (/tests/playwright/pages/base-page.js:85:23)
        at LoginPage.login (/tests/playwright/pages/login-page.js:63:16)
        at /tests/playwright/tests/auth/login.spec.js:48:7

    attachment #1: screenshot (image/png) ──────────────────────────────────────────────────────────
    ../test-results/dev_20250615_184903/artifacts/playwright-tests-auth-logi-8744c-edentials-auth-critical-dev-chromium-retry2/test-failed-1.png
    ────────────────────────────────────────────────────────────────────────────────────────────────

    attachment #2: video (video/webm) ──────────────────────────────────────────────────────────────
    ../test-results/dev_20250615_184903/artifacts/playwright-tests-auth-logi-8744c-edentials-auth-critical-dev-chromium-retry2/video.webm
    ────────────────────────────────────────────────────────────────────────────────────────────────

    Error Context: ../test-results/dev_20250615_184903/artifacts/playwright-tests-auth-logi-8744c-edentials-auth-critical-dev-chromium-retry2/error-context.md
]]>
</failure>
<system-out>
<![CDATA[✅ [2025-06-15T15:49:23.509Z] Authentication data cleared
✅ [2025-06-15T15:49:23.511Z] Attempting login with username: admin
✅ [2025-06-15T15:49:23.511Z] Navigating to identity: https://identity.vfservices.viloforge.com
✅ [2025-06-15T15:49:34.788Z] Authentication data cleared

[[ATTACHMENT|artifacts/playwright-tests-auth-logi-8744c-edentials-auth-critical-dev-chromium/test-failed-1.png]]

[[ATTACHMENT|artifacts/playwright-tests-auth-logi-8744c-edentials-auth-critical-dev-chromium/video.webm]]

[[ATTACHMENT|artifacts/playwright-tests-auth-logi-8744c-edentials-auth-critical-dev-chromium/error-context.md]]
✅ [2025-06-15T15:49:35.739Z] Authentication data cleared
✅ [2025-06-15T15:49:35.740Z] Attempting login with username: admin
✅ [2025-06-15T15:49:35.741Z] Navigating to identity: https://identity.vfservices.viloforge.com
✅ [2025-06-15T15:49:47.053Z] Authentication data cleared

[[ATTACHMENT|artifacts/playwright-tests-auth-logi-8744c-edentials-auth-critical-dev-chromium-retry1/test-failed-1.png]]

[[ATTACHMENT|artifacts/playwright-tests-auth-logi-8744c-edentials-auth-critical-dev-chromium-retry1/video.webm]]

[[ATTACHMENT|artifacts/playwright-tests-auth-logi-8744c-edentials-auth-critical-dev-chromium-retry1/error-context.md]]

[[ATTACHMENT|artifacts/playwright-tests-auth-logi-8744c-edentials-auth-critical-dev-chromium-retry1/trace.zip]]
✅ [2025-06-15T15:49:47.984Z] Authentication data cleared
✅ [2025-06-15T15:49:47.985Z] Attempting login with username: admin
✅ [2025-06-15T15:49:47.985Z] Navigating to identity: https://identity.vfservices.viloforge.com
✅ [2025-06-15T15:49:59.247Z] Authentication data cleared

[[ATTACHMENT|artifacts/playwright-tests-auth-logi-8744c-edentials-auth-critical-dev-chromium-retry2/test-failed-1.png]]

[[ATTACHMENT|artifacts/playwright-tests-auth-logi-8744c-edentials-auth-critical-dev-chromium-retry2/video.webm]]

[[ATTACHMENT|artifacts/playwright-tests-auth-logi-8744c-edentials-auth-critical-dev-chromium-retry2/error-context.md]]
]]>
</system-out>
</testcase>
</testsuite>
</testsuites>